Arguments: 
  /home/fredvel/.nvm/versions/node/v18.7.0/bin/node /home/fredvel/.nvm/versions/node/v18.7.0/bin/yarn start

PATH: 
  /home/fredvel/.nvm/versions/node/v18.7.0/bin:/home/fredvel/.local/bin:/home/fredvel/.bin:/usr/local/bin:/usr/bin:/var/lib/snapd/snap/bin:/usr/local/sbin:/usr/lib/jvm/default/bin:/usr/bin/site_perl:/usr/bin/vendor_perl:/usr/bin/core_perl

Yarn version: 
  1.22.19

Node version: 
  18.7.0

Platform: 
  linux x64

Trace: 
  SyntaxError: /home/fredvel/dev/learning/data_structures/linked-lists/package.json: Unexpected token } in JSON at position 161
      at JSON.parse (<anonymous>)
      at /home/fredvel/.nvm/versions/node/v18.7.0/lib/node_modules/yarn/lib/cli.js:1629:59
      at Generator.next (<anonymous>)
      at step (/home/fredvel/.nvm/versions/node/v18.7.0/lib/node_modules/yarn/lib/cli.js:310:30)
      at /home/fredvel/.nvm/versions/node/v18.7.0/lib/node_modules/yarn/lib/cli.js:321:13

npm manifest: 
  {
    "name": "linked-lists",
    "version": "1.0.0",
    "description": "",
    "main": "index.js",
  	"type": "module",
    "scripts": {
  		"start": "node src/index.js",
    },
    "keywords": [],
    "author": "",
    "license": "ISC"
  }

yarn manifest: 
  No manifest

Lockfile: 
  No lockfile
